  ModuleSceneIntro.cpp
e:\andreu\clase\fisica\physics3d_cargame\modulesceneintro.cpp(19): warning C4244: 'argument': conversion from 'time_t' to 'unsigned int', possible loss of data
e:\andreu\clase\fisica\physics3d_cargame\modulesceneintro.cpp(96): warning C4018: '<': signed/unsigned mismatch
e:\andreu\clase\fisica\physics3d_cargame\modulesceneintro.cpp(124): warning C4244: 'argument': conversion from 'int' to 'float', possible loss of data
e:\andreu\clase\fisica\physics3d_cargame\modulesceneintro.cpp(131): warning C4244: 'argument': conversion from 'int' to 'float', possible loss of data
e:\andreu\clase\fisica\physics3d_cargame\modulesceneintro.cpp(138): warning C4244: 'argument': conversion from 'int' to 'float', possible loss of data
e:\andreu\clase\fisica\physics3d_cargame\modulesceneintro.cpp(145): warning C4244: 'argument': conversion from 'int' to 'float', possible loss of data
e:\andreu\clase\fisica\physics3d_cargame\modulesceneintro.cpp(145): warning C4244: 'argument': conversion from 'double' to 'float', possible loss of data
e:\andreu\clase\fisica\physics3d_cargame\modulesceneintro.cpp(155): warning C4244: 'argument': conversion from 'int' to 'float', possible loss of data
e:\andreu\clase\fisica\physics3d_cargame\modulesceneintro.cpp(165): warning C4244: 'argument': conversion from 'int' to 'float', possible loss of data
e:\andreu\clase\fisica\physics3d_cargame\modulesceneintro.cpp(175): warning C4244: 'argument': conversion from 'int' to 'float', possible loss of data
e:\andreu\clase\fisica\physics3d_cargame\modulesceneintro.cpp(185): warning C4244: 'argument': conversion from 'int' to 'float', possible loss of data
e:\andreu\clase\fisica\physics3d_cargame\modulesceneintro.cpp(193): warning C4244: 'argument': conversion from 'int' to 'float', possible loss of data
e:\andreu\clase\fisica\physics3d_cargame\modulesceneintro.cpp(201): warning C4244: 'argument': conversion from 'int' to 'float', possible loss of data
e:\andreu\clase\fisica\physics3d_cargame\modulesceneintro.cpp(201): warning C4244: 'argument': conversion from 'double' to 'float', possible loss of data
e:\andreu\clase\fisica\physics3d_cargame\modulesceneintro.cpp(208): warning C4244: 'argument': conversion from 'double' to 'float', possible loss of data
e:\andreu\clase\fisica\physics3d_cargame\modulesceneintro.cpp(208): warning C4244: 'argument': conversion from 'int' to 'float', possible loss of data
e:\andreu\clase\fisica\physics3d_cargame\modulesceneintro.cpp(216): warning C4244: 'argument': conversion from 'int' to 'float', possible loss of data
e:\andreu\clase\fisica\physics3d_cargame\modulesceneintro.cpp(222): warning C4244: 'argument': conversion from 'double' to 'float', possible loss of data
e:\andreu\clase\fisica\physics3d_cargame\modulesceneintro.cpp(222): warning C4244: 'argument': conversion from 'int' to 'float', possible loss of data
e:\andreu\clase\fisica\physics3d_cargame\modulesceneintro.cpp(230): warning C4244: 'argument': conversion from 'int' to 'float', possible loss of data
e:\andreu\clase\fisica\physics3d_cargame\modulesceneintro.cpp(230): warning C4244: 'argument': conversion from 'double' to 'float', possible loss of data
e:\andreu\clase\fisica\physics3d_cargame\modulesceneintro.cpp(236): warning C4244: 'argument': conversion from 'double' to 'float', possible loss of data
e:\andreu\clase\fisica\physics3d_cargame\modulesceneintro.cpp(236): warning C4244: 'argument': conversion from 'int' to 'float', possible loss of data
  3D Physics.vcxproj -> E:\Andreu\Clase\Fisica\Physics3D_CarGame\Debug\3D Physics - class5.exe
  3D Physics.vcxproj -> E:\Andreu\Clase\Fisica\Physics3D_CarGame\Debug\3D Physics - class5.pdb (Full PDB)
