e:\andreu\clase\fisica\physics3d_cargame\debug\vc140.pdb
e:\andreu\clase\fisica\physics3d_cargame\debug\vc140.idb
e:\andreu\clase\fisica\physics3d_cargame\debug\application.obj
e:\andreu\clase\fisica\physics3d_cargame\debug\color.obj
e:\andreu\clase\fisica\physics3d_cargame\debug\glmath.obj
e:\andreu\clase\fisica\physics3d_cargame\debug\light.obj
e:\andreu\clase\fisica\physics3d_cargame\debug\log.obj
e:\andreu\clase\fisica\physics3d_cargame\debug\main.obj
e:\andreu\clase\fisica\physics3d_cargame\debug\moduleaudio.obj
e:\andreu\clase\fisica\physics3d_cargame\debug\modulecamera3d.obj
e:\andreu\clase\fisica\physics3d_cargame\debug\moduleinput.obj
e:\andreu\clase\fisica\physics3d_cargame\debug\modulephysics3d.obj
e:\andreu\clase\fisica\physics3d_cargame\debug\modulerenderer3d.obj
e:\andreu\clase\fisica\physics3d_cargame\debug\modulesceneintro.obj
e:\andreu\clase\fisica\physics3d_cargame\debug\modulewindow.obj
e:\andreu\clase\fisica\physics3d_cargame\debug\physbody3d.obj
e:\andreu\clase\fisica\physics3d_cargame\debug\physvehicle3d.obj
e:\andreu\clase\fisica\physics3d_cargame\debug\primitive.obj
e:\andreu\clase\fisica\physics3d_cargame\debug\timer.obj
e:\andreu\clase\fisica\physics3d_cargame\debug\moduleplayer.obj
e:\andreu\clase\fisica\physics3d_cargame\debug\3d physics - class5.ilk
e:\andreu\clase\fisica\physics3d_cargame\debug\3d physics - class5.exe
e:\andreu\clase\fisica\physics3d_cargame\debug\3d physics - class5.pdb
e:\andreu\clase\fisica\physics3d_cargame\debug\moduleplayer.obj.enc
e:\andreu\clase\fisica\physics3d_cargame\debug\3d physi.746cc4c3.tlog\cl.command.1.tlog
e:\andreu\clase\fisica\physics3d_cargame\debug\3d physi.746cc4c3.tlog\cl.read.1.tlog
e:\andreu\clase\fisica\physics3d_cargame\debug\3d physi.746cc4c3.tlog\cl.write.1.tlog
e:\andreu\clase\fisica\physics3d_cargame\debug\3d physi.746cc4c3.tlog\link.command.1.tlog
e:\andreu\clase\fisica\physics3d_cargame\debug\3d physi.746cc4c3.tlog\link.read.1.tlog
e:\andreu\clase\fisica\physics3d_cargame\debug\3d physi.746cc4c3.tlog\link.write.1.tlog
